# JRE version: Java(TM) SE Runtime Environment 18.9 (11.0.16.1+1) (build 11.0.16.1+1-LTS-1)
# Java VM: Java HotSpot(TM) 64-Bit Server VM 18.9 (11.0.16.1+1-LTS-1, mixed mode, tiered, compressed oops, g1 gc, windows-amd64)
Heap:
 garbage-first heap   total 262144K, used 25023K [0x0000000701400000, 0x0000000800000000)
  region size 1024K, 15 young (15360K), 5 survivors (5120K)
 Metaspace       used 35751K, capacity 36824K, committed 37040K, reserved 1081344K
  class space    used 4355K, capacity 4780K, committed 4864K, reserved 1048576K
GC Heap History (10 events):
Event: 0.612 GC heap before
{Heap before GC invocations=0 (full 0):
 garbage-first heap   total 262144K, used 23552K [0x0000000701400000, 0x0000000800000000)
  region size 1024K, 24 young (24576K), 0 survivors (0K)
 Metaspace       used 11240K, capacity 11534K, committed 11776K, reserved 1060864K
  class space    used 1079K, capacity 1182K, committed 1280K, reserved 1048576K
}
Event: 0.617 GC heap after
{Heap after GC invocations=1 (full 0):
 garbage-first heap   total 262144K, used 8654K [0x0000000701400000, 0x0000000800000000)
  region size 1024K, 3 young (3072K), 3 survivors (3072K)
 Metaspace       used 11240K, capacity 11534K, committed 11776K, reserved 1060864K
  class space    used 1079K, capacity 1182K, committed 1280K, reserved 1048576K
}
Event: 1.431 GC heap before
{Heap before GC invocations=1 (full 0):
 garbage-first heap   total 262144K, used 63950K [0x0000000701400000, 0x0000000800000000)
  region size 1024K, 58 young (59392K), 3 survivors (3072K)
 Metaspace       used 20353K, capacity 21094K, committed 21296K, reserved 1069056K
  class space    used 2284K, capacity 2590K, committed 2688K, reserved 1048576K
}
Event: 1.437 GC heap after
{Heap after GC invocations=2 (full 0):
 garbage-first heap   total 262144K, used 11095K [0x0000000701400000, 0x0000000800000000)
  region size 1024K, 6 young (6144K), 6 survivors (6144K)
 Metaspace       used 20353K, capacity 21094K, committed 21296K, reserved 1069056K
  class space    used 2284K, capacity 2590K, committed 2688K, reserved 1048576K
}
Event: 1.672 GC heap before
{Heap before GC invocations=3 (full 0):
 garbage-first heap   total 262144K, used 35671K [0x0000000701400000, 0x0000000800000000)
  region size 1024K, 30 young (30720K), 6 survivors (6144K)
 Metaspace       used 23315K, capacity 24176K, committed 24240K, reserved 1071104K
  class space    used 2716K, capacity 3045K, committed 3072K, reserved 1048576K
}
Event: 1.677 GC heap after
{Heap after GC invocations=4 (full 0):
 garbage-first heap   total 262144K, used 11891K [0x0000000701400000, 0x0000000800000000)
  region size 1024K, 1 young (1024K), 1 survivors (1024K)
 Metaspace       used 23315K, capacity 24176K, committed 24240K, reserved 1071104K
  class space    used 2716K, capacity 3045K, committed 3072K, reserved 1048576K
}
Event: 2.090 GC heap before
{Heap before GC invocations=4 (full 0):
 garbage-first heap   total 262144K, used 86643K [0x0000000701400000, 0x0000000800000000)
  region size 1024K, 75 young (76800K), 1 survivors (1024K)
 Metaspace       used 27497K, capacity 28441K, committed 28720K, reserved 1075200K
  class space    used 3322K, capacity 3676K, committed 3712K, reserved 1048576K
}
Event: 2.093 GC heap after
{Heap after GC invocations=5 (full 0):
 garbage-first heap   total 262144K, used 13604K [0x0000000701400000, 0x0000000800000000)
  region size 1024K, 3 young (3072K), 3 survivors (3072K)
 Metaspace       used 27497K, capacity 28441K, committed 28720K, reserved 1075200K
  class space    used 3322K, capacity 3676K, committed 3712K, reserved 1048576K
}
Event: 3.210 GC heap before
{Heap before GC invocations=5 (full 0):
 garbage-first heap   total 262144K, used 81188K [0x0000000701400000, 0x0000000800000000)
  region size 1024K, 70 young (71680K), 3 survivors (3072K)
 Metaspace       used 34779K, capacity 35784K, committed 35888K, reserved 1081344K
  class space    used 4234K, capacity 4658K, committed 4736K, reserved 1048576K
}
Event: 3.215 GC heap after
{Heap after GC invocations=6 (full 0):
 garbage-first heap   total 262144K, used 15807K [0x0000000701400000, 0x0000000800000000)
  region size 1024K, 5 young (5120K), 5 survivors (5120K)
 Metaspace       used 34779K, capacity 35784K, committed 35888K, reserved 1081344K
  class space    used 4234K, capacity 4658K, committed 4736K, reserved 1048576K
}

