# JRE version: Java(TM) SE Runtime Environment 18.9 (11.0.16.1+1) (build 11.0.16.1+1-LTS-1)
# Java VM: Java HotSpot(TM) 64-Bit Server VM 18.9 (11.0.16.1+1-LTS-1, mixed mode, tiered, compressed oops, g1 gc, windows-amd64)
Heap:
 garbage-first heap   total 262144K, used 28555K [0x0000000701400000, 0x0000000800000000)
  region size 1024K, 12 young (12288K), 12 survivors (12288K)
 Metaspace       used 64349K, capacity 65998K, committed 66048K, reserved 1118208K
  class space    used 8731K, capacity 9423K, committed 9472K, reserved 1048576K
GC Heap History (10 events):
Event: 3.844 GC heap before
{Heap before GC invocations=6 (full 0):
 garbage-first heap   total 262144K, used 87967K [0x0000000701400000, 0x0000000800000000)
  region size 1024K, 78 young (79872K), 6 survivors (6144K)
 Metaspace       used 34706K, capacity 35821K, committed 35840K, reserved 1081344K
  class space    used 4514K, capacity 4973K, committed 4992K, reserved 1048576K
}
Event: 3.850 GC heap after
{Heap after GC invocations=7 (full 0):
 garbage-first heap   total 262144K, used 17421K [0x0000000701400000, 0x0000000800000000)
  region size 1024K, 8 young (8192K), 8 survivors (8192K)
 Metaspace       used 34706K, capacity 35821K, committed 35840K, reserved 1081344K
  class space    used 4514K, capacity 4973K, committed 4992K, reserved 1048576K
}
Event: 6.217 GC heap before
{Heap before GC invocations=8 (full 0):
 garbage-first heap   total 262144K, used 141325K [0x0000000701400000, 0x0000000800000000)
  region size 1024K, 129 young (132096K), 8 survivors (8192K)
 Metaspace       used 48487K, capacity 49974K, committed 50176K, reserved 1093632K
  class space    used 6196K, capacity 6793K, committed 6912K, reserved 1048576K
}
Event: 6.224 GC heap after
{Heap after GC invocations=9 (full 0):
 garbage-first heap   total 262144K, used 23762K [0x0000000701400000, 0x0000000800000000)
  region size 1024K, 14 young (14336K), 14 survivors (14336K)
 Metaspace       used 48487K, capacity 49974K, committed 50176K, reserved 1093632K
  class space    used 6196K, capacity 6793K, committed 6912K, reserved 1048576K
}
Event: 7.301 GC heap before
{Heap before GC invocations=9 (full 0):
 garbage-first heap   total 262144K, used 166098K [0x0000000701400000, 0x0000000800000000)
  region size 1024K, 153 young (156672K), 14 survivors (14336K)
 Metaspace       used 56219K, capacity 57783K, committed 57984K, reserved 1099776K
  class space    used 7444K, capacity 8052K, committed 8064K, reserved 1048576K
}
Event: 7.310 GC heap after
{Heap after GC invocations=10 (full 0):
 garbage-first heap   total 262144K, used 25741K [0x0000000701400000, 0x0000000800000000)
  region size 1024K, 12 young (12288K), 12 survivors (12288K)
 Metaspace       used 56219K, capacity 57783K, committed 57984K, reserved 1099776K
  class space    used 7444K, capacity 8052K, committed 8064K, reserved 1048576K
}
Event: 7.621 GC heap before
{Heap before GC invocations=10 (full 0):
 garbage-first heap   total 262144K, used 67725K [0x0000000701400000, 0x0000000800000000)
  region size 1024K, 54 young (55296K), 12 survivors (12288K)
 Metaspace       used 58497K, capacity 60060K, committed 60160K, reserved 1101824K
  class space    used 7775K, capacity 8407K, committed 8448K, reserved 1048576K
}
Event: 7.628 GC heap after
{Heap after GC invocations=11 (full 0):
 garbage-first heap   total 262144K, used 26811K [0x0000000701400000, 0x0000000800000000)
  region size 1024K, 10 young (10240K), 10 survivors (10240K)
 Metaspace       used 58497K, capacity 60060K, committed 60160K, reserved 1101824K
  class space    used 7775K, capacity 8407K, committed 8448K, reserved 1048576K
}
Event: 8.516 GC heap before
{Heap before GC invocations=12 (full 0):
 garbage-first heap   total 262144K, used 122043K [0x0000000701400000, 0x0000000800000000)
  region size 1024K, 104 young (106496K), 10 survivors (10240K)
 Metaspace       used 64349K, capacity 65998K, committed 66048K, reserved 1116160K
  class space    used 8731K, capacity 9423K, committed 9472K, reserved 1048576K
}
Event: 8.522 GC heap after
{Heap after GC invocations=13 (full 0):
 garbage-first heap   total 262144K, used 28555K [0x0000000701400000, 0x0000000800000000)
  region size 1024K, 12 young (12288K), 12 survivors (12288K)
 Metaspace       used 64349K, capacity 65998K, committed 66048K, reserved 1116160K
  class space    used 8731K, capacity 9423K, committed 9472K, reserved 1048576K
}

